▲ Next.js 16.1.6 (webpack)
- Local:         http://localhost:10296
- Network:       http://59.21.123.33:10296

✓ Starting...
✓ Ready in 1210ms
 GET / 200 in 2.3s (compile: 1707ms, render: 637ms)
⚠ Cross origin request detected from narnia-lab.duckdns.org to /_next/* resource. In a future major version of Next.js, you will need to explicitly configure "allowedDevOrigins" in next.config to allow this.
Read more: https://nextjs.org/docs/app/api-reference/config/next-config-js/allowedDevOrigins
 GET /login 200 in 674ms (compile: 621ms, render: 53ms)
 GET /login 200 in 25ms (compile: 6ms, render: 19ms)
 POST /api/auth/login 200 in 446ms (compile: 324ms, render: 122ms)
 GET / 200 in 95ms (compile: 39ms, render: 56ms)
 GET / 200 in 57ms (compile: 3ms, render: 54ms)
 GET /admin 200 in 636ms (compile: 566ms, render: 70ms)
 GET / 200 in 51ms (compile: 12ms, render: 39ms)
 GET /w/%EC%96%B4%EB%A6%B0%EC%9D%B4(%EC%95%84%EB%8F%99) 200 in 2.0s (compile: 1760ms, render: 247ms)
 GET /w/%EA%B9%80%EB%B0%A5%20%EC%98%86%EA%B5%AC%EB%A6%AC%20%ED%84%B0%EC%A7%80%EB%8A%94%20%EC%86%8C%EB%A6%AC 200 in 59ms (compile: 24ms, render: 35ms)
 GET / 200 in 61ms (compile: 16ms, render: 45ms)
 GET /w/%5B%EC%82%AD%EC%A0%9C%EB%90%A8%5D 200 in 74ms (compile: 25ms, render: 49ms)
 GET / 200 in 58ms (compile: 6ms, render: 53ms)
 GET /admin 200 in 64ms (compile: 17ms, render: 47ms)
 GET / 200 in 54ms (compile: 5ms, render: 49ms)
 GET /admin 200 in 45ms (compile: 7ms, render: 38ms)
 GET / 200 in 51ms (compile: 4ms, render: 47ms)
 GET /w/%5B%EC%82%AD%EC%A0%9C%EB%90%A8%5D 200 in 67ms (compile: 26ms, render: 41ms)
 GET /?q=99 200 in 141ms (compile: 6ms, render: 135ms)
 GET / 200 in 52ms (compile: 5ms, render: 46ms)
 GET /w/%EC%9C%A4%EC%84%9D%EC%97%B4 200 in 65ms (compile: 29ms, render: 36ms)
 GET / 200 in 50ms (compile: 6ms, render: 44ms)
